Start testing: Sep 16 21:40 India Standard Time
----------------------------------------------------------
1/3 Testing: url_store_tests
1/3 Test: url_store_tests
Command: "C:/Users/tpare/.codex/.chatgpt-projects/g-p-6aa647d99e5c819189e9b441c509d27d/build/url_store_tests.exe"
Directory: C:/Users/tpare/.codex/.chatgpt-projects/g-p-6aa647d99e5c819189e9b441c509d27d/build
"url_store_tests" start time: Sep 16 21:40 India Standard Time
Output:
----------------------------------------------------------
<end of output>
Test time =   0.07 sec
----------------------------------------------------------
Test Passed.
"url_store_tests" end time: Sep 16 21:40 India Standard Time
"url_store_tests" time elapsed: 00:00:00
----------------------------------------------------------

2/3 Testing: rate_limiter_test
2/3 Test: rate_limiter_test
Command: "C:/Users/tpare/.codex/.chatgpt-projects/g-p-6aa647d99e5c819189e9b441c509d27d/build/rate_limiter_test.exe"
Directory: C:/Users/tpare/.codex/.chatgpt-projects/g-p-6aa647d99e5c819189e9b441c509d27d/build
"rate_limiter_test" start time: Sep 16 21:40 India Standard Time
Output:
----------------------------------------------------------
tokens lift:9
tokens lift:8.00001
tokens lift:7.00001
tokens lift:6.00002
tokens lift:5.00002
tokens lift:4.00002
tokens lift:3.00002
tokens lift:2.00002
tokens lift:1.00002
tokens lift:1.69167e-05
Rate limit reached successfully.
tokens lift:1.00067
Token refill works successfully.
All tests passed!
<end of output>
Test time =   6.01 sec
----------------------------------------------------------
Test Passed.
"rate_limiter_test" end time: Sep 16 21:40 India Standard Time
"rate_limiter_test" time elapsed: 00:00:06
----------------------------------------------------------

3/3 Testing: auth_utils_tests
3/3 Test: auth_utils_tests
Command: "C:/Users/tpare/.codex/.chatgpt-projects/g-p-6aa647d99e5c819189e9b441c509d27d/build/auth_utils_tests.exe"
Directory: C:/Users/tpare/.codex/.chatgpt-projects/g-p-6aa647d99e5c819189e9b441c509d27d/build
"auth_utils_tests" start time: Sep 16 21:40 India Standard Time
Output:
----------------------------------------------------------
<end of output>
Test time =   0.21 sec
----------------------------------------------------------
Test Passed.
"auth_utils_tests" end time: Sep 16 21:40 India Standard Time
"auth_utils_tests" time elapsed: 00:00:00
----------------------------------------------------------

End testing: Sep 16 21:40 India Standard Time
